OpenSTA 3.1.0 GITDIR-NOT Copyright (c) 2026, Parallax Software, Inc.
License GPLv3: GNU GPL version 3 <http://gnu.org/licenses/gpl.html>

This is free software, and you are free to change and redistribute it
under certain conditions; type `show_copying' for details. 
This program comes with ABSOLUTELY NO WARRANTY; for details type `show_warranty'.
Startpoint: x[5] (input port clocked by clk)
Endpoint: y[3] (output port clocked by clk)
Path Group: clk
Path Type: max

    Delay      Time   Description
-------------------------------------------------------------
   0.0000    0.0000   clock clk (rise edge)
   0.0000    0.0000   clock network delay (ideal)
   0.0000    0.0000 v input external delay
   0.0000    0.0000 v x[5] (in)
   0.0692    0.0692 v _114_/ZN (XNOR2_X1)
   0.0858    0.1551 ^ _115_/ZN (XNOR2_X1)
   0.0506    0.2057 ^ _137_/Z (MUX2_X1)
   0.0462    0.2519 ^ _138_/ZN (XNOR2_X1)
   0.0524    0.3043 ^ _152_/ZN (XNOR2_X1)
   0.0762    0.3805 ^ _154_/Z (XOR2_X1)
   0.0229    0.4034 v _164_/ZN (OAI21_X1)
   0.0744    0.4778 v _165_/Z (MUX2_X1)
   0.0439    0.5216 v _170_/ZN (XNOR2_X1)
   0.0240    0.5456 ^ _171_/ZN (NAND2_X1)
   0.0631    0.6087 ^ _175_/Z (XOR2_X1)
   0.0519    0.6606 ^ _176_/ZN (XNOR2_X1)
   0.0520    0.7126 ^ _213_/ZN (XNOR2_X1)
   0.0525    0.7651 ^ _216_/ZN (XNOR2_X1)
   0.0428    0.8079 ^ _219_/Z (XOR2_X1)
   0.0000    0.8079 ^ y[3] (out)
             0.8079   data arrival time

  10.0000   10.0000   clock clk (rise edge)
   0.0000   10.0000   clock network delay (ideal)
   0.0000   10.0000   clock reconvergence pessimism
   0.0000   10.0000   output external delay
            10.0000   data required time
-------------------------------------------------------------
            10.0000   data required time
            -0.8079   data arrival time
-------------------------------------------------------------
             9.1921   slack (MET)


