
 /----------------------------------------------------------------------------\
 |  yosys -- Yosys Open SYnthesis Suite                                       |
 |  Copyright (C) 2012 - 2026  Claire Xenia Wolf <claire@yosyshq.com>         |
 |  Distributed under an ISC-like license, type "license" to see terms        |
 \----------------------------------------------------------------------------/
 Yosys 0.65+71 (git sha1 e56c6a954, clang++ 18.1.8 -fPIC -O3)

-- Executing script file `AES10v2_H23_XORS82/synth.ys' --

1. Executing Verilog-2005 frontend: AES10v2_H23_XORS82/AES10v2_H23_XORS82.v
Parsing Verilog input from `AES10v2_H23_XORS82/AES10v2_H23_XORS82.v' to AST representation.
Generating RTLIL representation for module `\AES10v2_H23_XORS82'.
Successfully finished Verilog frontend.

2. Executing HIERARCHY pass (managing design hierarchy).

2.1. Analyzing design hierarchy..
Top module:  \AES10v2_H23_XORS82

2.2. Analyzing design hierarchy..
Top module:  \AES10v2_H23_XORS82
Removed 0 unused modules.

3. Executing PROC pass (convert processes to netlists).

3.1. Executing PROC_CLEAN pass (remove empty switches from decision trees).
Cleaned up 0 empty switches.

3.2. Executing PROC_RMDEAD pass (remove dead branches from decision trees).
Removed a total of 0 dead cases.

3.3. Executing PROC_PRUNE pass (remove redundant assignments in processes).
Removed 0 redundant assignments.
Promoted 0 assignments to connections.

3.4. Executing PROC_INIT pass (extract init attributes).

3.5. Executing PROC_ARST pass (detect async resets in processes).

3.6. Executing PROC_ROM pass (convert switches to ROMs).
Converted 0 switches.

3.7. Executing PROC_MUX pass (convert decision trees to multiplexers).

3.8. Executing PROC_DLATCH pass (convert process syncs to latches).

3.9. Executing PROC_DFF pass (convert process syncs to FFs).

3.10. Executing PROC_MEMWR pass (convert process memory writes to cells).

3.11. Executing PROC_CLEAN pass (remove empty switches from decision trees).
Cleaned up 0 empty switches.

3.12. Executing OPT_EXPR pass (perform const folding).
Optimizing module AES10v2_H23_XORS82.
<suppressed ~4 debug messages>

4. Executing OPT pass (performing simple optimizations).

4.1. Executing OPT_EXPR pass (perform const folding).
Optimizing module AES10v2_H23_XORS82.

4.2. Executing OPT_MERGE pass (detect identical cells).
Finding identical cells in module `\AES10v2_H23_XORS82'.
Computing hashes of 118 cells of `\AES10v2_H23_XORS82'.
Finding duplicate cells in `\AES10v2_H23_XORS82'.
Removed a total of 0 cells.

4.3. Executing OPT_MUXTREE pass (detect dead branches in mux trees).
Running muxtree optimizer on module \AES10v2_H23_XORS82..
  Creating internal representation of mux trees.
  No muxes found in this module.
Removed 0 multiplexer ports.

4.4. Executing OPT_REDUCE pass (consolidate $*mux and $reduce_* inputs).
  Optimizing cells in module \AES10v2_H23_XORS82.
Performed a total of 0 changes.

4.5. Executing OPT_MERGE pass (detect identical cells).
Finding identical cells in module `\AES10v2_H23_XORS82'.
Computing hashes of 118 cells of `\AES10v2_H23_XORS82'.
Finding duplicate cells in `\AES10v2_H23_XORS82'.
Removed a total of 0 cells.

4.6. Executing OPT_DFF pass (perform DFF optimizations).

4.7. Executing OPT_CLEAN pass (remove unused cells and wires).
Finding unused cells or wires in module \AES10v2_H23_XORS82..
Removed 1 unused cells and 119 unused wires.
<suppressed ~3 debug messages>

4.8. Executing OPT_EXPR pass (perform const folding).
Optimizing module AES10v2_H23_XORS82.

4.9. Rerunning OPT passes. (Maybe there is more to do..)

4.10. Executing OPT_MUXTREE pass (detect dead branches in mux trees).
Running muxtree optimizer on module \AES10v2_H23_XORS82..
  Creating internal representation of mux trees.
  No muxes found in this module.
Removed 0 multiplexer ports.

4.11. Executing OPT_REDUCE pass (consolidate $*mux and $reduce_* inputs).
  Optimizing cells in module \AES10v2_H23_XORS82.
Performed a total of 0 changes.

4.12. Executing OPT_MERGE pass (detect identical cells).
Finding identical cells in module `\AES10v2_H23_XORS82'.
Computing hashes of 117 cells of `\AES10v2_H23_XORS82'.
Finding duplicate cells in `\AES10v2_H23_XORS82'.
Removed a total of 0 cells.

4.13. Executing OPT_DFF pass (perform DFF optimizations).

4.14. Executing OPT_CLEAN pass (remove unused cells and wires).
Finding unused cells or wires in module \AES10v2_H23_XORS82..

4.15. Executing OPT_EXPR pass (perform const folding).
Optimizing module AES10v2_H23_XORS82.

4.16. Finished fast OPT passes. (There is nothing left to do.)

5. Executing TECHMAP pass (map to technology primitives).

5.1. Executing Verilog-2005 frontend:lib/../share/yosys/techmap.v
Parsing Verilog input from `lib/../share/yosys/techmap.v' to AST representation.
Generating RTLIL representation for module `\_90_simplemap_bool_ops'.
Generating RTLIL representation for module `\_90_simplemap_reduce_ops'.
Generating RTLIL representation for module `\_90_simplemap_logic_ops'.
Generating RTLIL representation for module `\_90_simplemap_compare_ops'.
Generating RTLIL representation for module `\_90_simplemap_various'.
Generating RTLIL representation for module `\_90_simplemap_registers'.
Generating RTLIL representation for module `\_90_shift_ops_shr_shl_sshl_sshr'.
Generating RTLIL representation for module `\_90_shift_shiftx'.
Generating RTLIL representation for module `\_90_fa'.
Generating RTLIL representation for module `\_90_lcu_brent_kung'.
Generating RTLIL representation for module `\_90_alu'.
Generating RTLIL representation for module `\_90_macc'.
Generating RTLIL representation for module `\_90_alumacc'.
Generating RTLIL representation for module `$__div_mod_u'.
Generating RTLIL representation for module `$__div_mod_trunc'.
Generating RTLIL representation for module `\_90_div'.
Generating RTLIL representation for module `\_90_mod'.
Generating RTLIL representation for module `$__div_mod_floor'.
Generating RTLIL representation for module `\_90_divfloor'.
Generating RTLIL representation for module `\_90_modfloor'.
Generating RTLIL representation for module `\_90_pow'.
Generating RTLIL representation for module `\_90_demux'.
Generating RTLIL representation for module `\_90_lut'.
Generating RTLIL representation for module `$connect'.
Generating RTLIL representation for module `$input_port'.
Successfully finished Verilog frontend.

5.2. Continuing TECHMAP pass.
Using extmapper simplemap for cells of type $not.
Using extmapper simplemap for cells of type $xor.
Using extmapper simplemap for cells of type $and.
No more expansions possible.
<suppressed ~194 debug messages>

6. Executing OPT pass (performing simple optimizations).

6.1. Executing OPT_EXPR pass (perform const folding).
Optimizing module AES10v2_H23_XORS82.

6.2. Executing OPT_MERGE pass (detect identical cells).
Finding identical cells in module `\AES10v2_H23_XORS82'.
Computing hashes of 117 cells of `\AES10v2_H23_XORS82'.
Finding duplicate cells in `\AES10v2_H23_XORS82'.
Removed a total of 0 cells.

6.3. Executing OPT_MUXTREE pass (detect dead branches in mux trees).
Running muxtree optimizer on module \AES10v2_H23_XORS82..
  Creating internal representation of mux trees.
  No muxes found in this module.
Removed 0 multiplexer ports.

6.4. Executing OPT_REDUCE pass (consolidate $*mux and $reduce_* inputs).
  Optimizing cells in module \AES10v2_H23_XORS82.
Performed a total of 0 changes.

6.5. Executing OPT_MERGE pass (detect identical cells).
Finding identical cells in module `\AES10v2_H23_XORS82'.
Computing hashes of 117 cells of `\AES10v2_H23_XORS82'.
Finding duplicate cells in `\AES10v2_H23_XORS82'.
Removed a total of 0 cells.

6.6. Executing OPT_DFF pass (perform DFF optimizations).

6.7. Executing OPT_CLEAN pass (remove unused cells and wires).
Finding unused cells or wires in module \AES10v2_H23_XORS82..

6.8. Executing OPT_EXPR pass (perform const folding).
Optimizing module AES10v2_H23_XORS82.

6.9. Finished fast OPT passes. (There is nothing left to do.)

7. Executing ABC pass (technology mapping using ABC).

7.1. Extracting gate netlist of module `\AES10v2_H23_XORS82' to `<abc-temp-dir>/input.blif'..
ABC: using cached merged SCL: <tmp_scl_cache> (1 files)

7.1.1. Executed ABC.
Extracted 117 gates and 125 wires to a netlist network with 8 inputs and 8 outputs.
Running ABC script: <abc-temp-dir>/abc.script
ABC: UC Berkeley, ABC 1.01 (compiled May 30 2026 04:50:50)
ABC: abc 01> empty
ABC: abc 01> source <abc-temp-dir>/abc.script
ABC: + read_blif <abc-temp-dir>/input.blif 
ABC: + read_scl <tmp_scl_cache> 
ABC: Warning: Detected 2 multi-output cells (for example, "FA_X1").
ABC: + strash 
ABC: + &get -n 
ABC: + &fraig -x 
ABC: + &put 
ABC: + scorr 
ABC: Warning: The network is combinational (run "fraig" or "fraig_sweep").
ABC: + dc2 
ABC: + dretime 
ABC: + strash 
ABC: + &get -n 
ABC: + &dch -f 
ABC: + &nf 
ABC: + &put 
ABC: + write_blif <abc-temp-dir>/output.blif 
ABC: 
ABC: YOSYS_ABC_DONE 

7.1.2. Re-integrating ABC results.
ABC RESULTS:           AND2_X1 cells:        2
ABC RESULTS:          AOI21_X1 cells:        3
ABC RESULTS:          AOI22_X1 cells:        2
ABC RESULTS:            INV_X1 cells:        6
ABC RESULTS:           MUX2_X1 cells:        2
ABC RESULTS:          NAND2_X1 cells:       10
ABC RESULTS:           NOR2_X1 cells:       16
ABC RESULTS:          OAI21_X1 cells:        3
ABC RESULTS:          OAI22_X1 cells:        1
ABC RESULTS:            OR2_X1 cells:        3
ABC RESULTS:          XNOR2_X1 cells:       47
ABC RESULTS:           XOR2_X1 cells:       21
ABC RESULTS:        internal signals:      109
ABC RESULTS:           input signals:        8
ABC RESULTS:          output signals:        8
Removing temp directory.
Removing global temp directory.
Removed 0 unused cells and 125 unused wires.

8. Printing statistics.

=== AES10v2_H23_XORS82 ===

        +----------Local Count, excluding submodules.
        |        +-Local Area, excluding submodules.
        |        | 
      126        - wires
      140        - wire bits
       18        - public wires
       32        - public wire bits
        2        - ports
       16        - port bits
      116  151.886 cells
        2    2.128   AND2_X1
        3    3.192   AOI21_X1
        2     2.66   AOI22_X1
        6    3.192   INV_X1
        2    3.724   MUX2_X1
       10     7.98   NAND2_X1
       16   12.768   NOR2_X1
        3    3.192   OAI21_X1
        1     1.33   OAI22_X1
        3    3.192   OR2_X1
       47   75.012   XNOR2_X1
       21   33.516   XOR2_X1

   Chip area for module '\AES10v2_H23_XORS82': 151.886000
     of which used for sequential elements: 0.000000 (0.00%)

9. Executing Verilog backend.

9.1. Executing BMUXMAP pass.

9.2. Executing DEMUXMAP pass.
Dumping module `\AES10v2_H23_XORS82'.

End of script. Logfile hash: 7a89ce8ce5, time: 0.17s, user: 0.08s, system: 0.02s, MEM: 32.21 MB peak
Yosys 0.65+71 (git sha1 e56c6a954, clang++ 18.1.8 -fPIC -O3)
Time spent: 52% 1x abc (0 sec), 34% 1x stat (0 sec), ...
